# binary expolitiaon
link is https://github.com/LiveOverflow/liveoverflow_youtube/
```
(radha㉿kali)-[~/Downloads/live_over_flow/liveoverflow_youtube/0x05_simple_crackme_intro_assembler]
└─$ gdb license_1  
GNU gdb (Debian 13.2-1) 13.2
Copyright (C) 2023 Free Software Foundation, Inc.
License GPLv3+: GNU GPL version 3 or later <http://gnu.org/licenses/gpl.html>
This is free software: you are free to change and redistribute it.
There is NO WARRANTY, to the extent permitted by law.
Type "show copying" and "show warranty" for details.
This GDB was configured as "x86_64-linux-gnu".
Type "show configuration" for configuration details.
For bug reporting instructions, please see:
<https://www.gnu.org/software/gdb/bugs/>.
Find the GDB manual and other documentation resources online at:
    <http://www.gnu.org/software/gdb/documentation/>.

For help, type "help".
Type "apropos word" to search for commands related to "word"...
Reading symbols from license_1...
(No debugging symbols found in license_1)
gdb-peda$ disassmble main
Undefined command: "disassmble".  Try "help".
gdb-peda$ disassemble main
Dump of assembler code for function main:
   0x00000000004005bd <+0>:     push   rbp
   0x00000000004005be <+1>:     mov    rbp,rsp
   0x00000000004005c1 <+4>:     sub    rsp,0x10
   0x00000000004005c5 <+8>:     mov    DWORD PTR [rbp-0x4],edi
   0x00000000004005c8 <+11>:    mov    QWORD PTR [rbp-0x10],rsi
   0x00000000004005cc <+15>:    cmp    DWORD PTR [rbp-0x4],0x2
   0x00000000004005d0 <+19>:    jne    0x400623 <main+102>
   0x00000000004005d2 <+21>:    mov    rax,QWORD PTR [rbp-0x10]
   0x00000000004005d6 <+25>:    add    rax,0x8
   0x00000000004005da <+29>:    mov    rax,QWORD PTR [rax]
   0x00000000004005dd <+32>:    mov    rsi,rax
   0x00000000004005e0 <+35>:    mov    edi,0x4006c4
   0x00000000004005e5 <+40>:    mov    eax,0x0
   0x00000000004005ea <+45>:    call   0x400490 <printf@plt>
   0x00000000004005ef <+50>:    mov    rax,QWORD PTR [rbp-0x10]
   0x00000000004005f3 <+54>:    add    rax,0x8
   0x00000000004005f7 <+58>:    mov    rax,QWORD PTR [rax]
   0x00000000004005fa <+61>:    mov    esi,0x4006da
   0x00000000004005ff <+66>:    mov    rdi,rax
   0x0000000000400602 <+69>:    call   0x4004b0 <strcmp@plt>
   0x0000000000400607 <+74>:    test   eax,eax
   0x0000000000400609 <+76>:    jne    0x400617 <main+90>
   0x000000000040060b <+78>:    mov    edi,0x4006ea
   0x0000000000400610 <+83>:    call   0x400480 <puts@plt>
   0x0000000000400615 <+88>:    jmp    0x40062d <main+112>
   0x0000000000400617 <+90>:    mov    edi,0x4006fa
   0x000000000040061c <+95>:    call   0x400480 <puts@plt>
   0x0000000000400621 <+100>:   jmp    0x40062d <main+112>
   0x0000000000400623 <+102>:   mov    edi,0x400701
   0x0000000000400628 <+107>:   call   0x400480 <puts@plt>
   0x000000000040062d <+112>:   mov    eax,0x0
   0x0000000000400632 <+117>:   leave
   0x0000000000400633 <+118>:   ret
End of assembler dump.
gdb-peda$ break *0x0000000000400607
Breakpoint 1 at 0x400607
gdb-peda$ run deadbeef
Starting program: /home/radha/Downloads/live_over_flow/liveoverflow_youtube/0x05_simple_crackme_intro_assembler/license_1 deadbeef
[Thread debugging using libthread_db enabled]
Using host libthread_db library "/lib/x86_64-linux-gnu/libthread_db.so.1".
Checking License: deadbeef
Warning: 'set logging off', an alias for the command 'set logging enabled', is deprecated.
Use 'set logging enabled off'.

Warning: 'set logging on', an alias for the command 'set logging enabled', is deprecated.
Use 'set logging enabled on'.

[----------------------------------registers-----------------------------------]
RAX: 0x23 ('#')
RBX: 0x7fffffffddd8 --> 0x7fffffffe12f ("/home/radha/Downloads/live_over_flow/liveoverflow_youtube/0x05_simple_crackme_intro_assembler/license_1")
RCX: 0x41 ('A')
RDX: 0x0 
RSI: 0x4006da ("AAAA-Z10N-42-OK")
RDI: 0x7fffffffe197 ("deadbeef")
RBP: 0x7fffffffdcc0 --> 0x2 
RSP: 0x7fffffffdcb0 --> 0x7fffffffddd8 --> 0x7fffffffe12f ("/home/radha/Downloads/live_over_flow/liveoverflow_youtube/0x05_simple_crackme_intro_assembler/license_1")
RIP: 0x400607 (<main+74>:       test   eax,eax)
R8 : 0x623000 ('')
R9 : 0x73 ('s')
R10: 0x7ffff7de4ee8 --> 0x10001a00007c4c 
R11: 0x7ffff7f3d1c0 (<__strcmp_sse42>:  mov    ecx,esi)
R12: 0x0 
R13: 0x7fffffffddf0 --> 0x7fffffffe1a0 ("COLORFGBG=15;0")
R14: 0x0 
R15: 0x7ffff7ffd020 --> 0x7ffff7ffe2e0 --> 0x0
EFLAGS: 0x202 (carry parity adjust zero sign trap INTERRUPT direction overflow)
[-------------------------------------code-------------------------------------]
   0x4005fa <main+61>:  mov    esi,0x4006da
   0x4005ff <main+66>:  mov    rdi,rax
   0x400602 <main+69>:  call   0x4004b0 <strcmp@plt>
=> 0x400607 <main+74>:  test   eax,eax
   0x400609 <main+76>:  jne    0x400617 <main+90>
   0x40060b <main+78>:  mov    edi,0x4006ea
   0x400610 <main+83>:  call   0x400480 <puts@plt>
   0x400615 <main+88>:  jmp    0x40062d <main+112>
[------------------------------------stack-------------------------------------]
0000| 0x7fffffffdcb0 --> 0x7fffffffddd8 --> 0x7fffffffe12f ("/home/radha/Downloads/live_over_flow/liveoverflow_youtube/0x05_simple_crackme_intro_assembler/license_1")
0008| 0x7fffffffdcb8 --> 0x200000000 
0016| 0x7fffffffdcc0 --> 0x2 
0024| 0x7fffffffdcc8 --> 0x7ffff7df318a (<__libc_start_call_main+122>:  mov    edi,eax)
0032| 0x7fffffffdcd0 --> 0x0 
0040| 0x7fffffffdcd8 --> 0x4005bd (<main>:      push   rbp)
0048| 0x7fffffffdce0 --> 0x200000000 
0056| 0x7fffffffdce8 --> 0x7fffffffddd8 --> 0x7fffffffe12f ("/home/radha/Downloads/live_over_flow/liveoverflow_youtube/0x05_simple_crackme_intro_assembler/license_1")
[------------------------------------------------------------------------------]
Legend: code, data, rodata, value

Breakpoint 1, 0x0000000000400607 in main ()
gdb-peda$ set $eax=0
gdb-peda$ ni
[----------------------------------registers-----------------------------------]
RAX: 0x0 
RBX: 0x7fffffffddd8 --> 0x7fffffffe12f ("/home/radha/Downloads/live_over_flow/liveoverflow_youtube/0x05_simple_crackme_intro_assembler/license_1")
RCX: 0x41 ('A')
RDX: 0x0 
RSI: 0x4006da ("AAAA-Z10N-42-OK")
RDI: 0x7fffffffe197 ("deadbeef")
RBP: 0x7fffffffdcc0 --> 0x2 
RSP: 0x7fffffffdcb0 --> 0x7fffffffddd8 --> 0x7fffffffe12f ("/home/radha/Downloads/live_over_flow/liveoverflow_youtube/0x05_simple_crackme_intro_assembler/license_1")
RIP: 0x400609 (<main+76>:       jne    0x400617 <main+90>)
R8 : 0x623000 ('')
R9 : 0x73 ('s')
R10: 0x7ffff7de4ee8 --> 0x10001a00007c4c 
R11: 0x7ffff7f3d1c0 (<__strcmp_sse42>:  mov    ecx,esi)
R12: 0x0 
R13: 0x7fffffffddf0 --> 0x7fffffffe1a0 ("COLORFGBG=15;0")
R14: 0x0 
R15: 0x7ffff7ffd020 --> 0x7ffff7ffe2e0 --> 0x0
EFLAGS: 0x246 (carry PARITY adjust ZERO sign trap INTERRUPT direction overflow)
[-------------------------------------code-------------------------------------]
   0x4005ff <main+66>:  mov    rdi,rax
   0x400602 <main+69>:  call   0x4004b0 <strcmp@plt>
   0x400607 <main+74>:  test   eax,eax
=> 0x400609 <main+76>:  jne    0x400617 <main+90>
   0x40060b <main+78>:  mov    edi,0x4006ea
   0x400610 <main+83>:  call   0x400480 <puts@plt>
   0x400615 <main+88>:  jmp    0x40062d <main+112>
   0x400617 <main+90>:  mov    edi,0x4006fa
                                                              JUMP is NOT taken
[------------------------------------stack-------------------------------------]
0000| 0x7fffffffdcb0 --> 0x7fffffffddd8 --> 0x7fffffffe12f ("/home/radha/Downloads/live_over_flow/liveoverflow_youtube/0x05_simple_crackme_intro_assembler/license_1")
0008| 0x7fffffffdcb8 --> 0x200000000 
0016| 0x7fffffffdcc0 --> 0x2 
0024| 0x7fffffffdcc8 --> 0x7ffff7df318a (<__libc_start_call_main+122>:  mov    edi,eax)
0032| 0x7fffffffdcd0 --> 0x0 
0040| 0x7fffffffdcd8 --> 0x4005bd (<main>:      push   rbp)
0048| 0x7fffffffdce0 --> 0x200000000 
0056| 0x7fffffffdce8 --> 0x7fffffffddd8 --> 0x7fffffffe12f ("/home/radha/Downloads/live_over_flow/liveoverflow_youtube/0x05_simple_crackme_intro_assembler/license_1")
[------------------------------------------------------------------------------]
Legend: code, data, rodata, value
0x0000000000400609 in main ()
gdb-peda$ 
[----------------------------------registers-----------------------------------]
RAX: 0x0 
RBX: 0x7fffffffddd8 --> 0x7fffffffe12f ("/home/radha/Downloads/live_over_flow/liveoverflow_youtube/0x05_simple_crackme_intro_assembler/license_1")
RCX: 0x41 ('A')
RDX: 0x0 
RSI: 0x4006da ("AAAA-Z10N-42-OK")
RDI: 0x7fffffffe197 ("deadbeef")
RBP: 0x7fffffffdcc0 --> 0x2 
RSP: 0x7fffffffdcb0 --> 0x7fffffffddd8 --> 0x7fffffffe12f ("/home/radha/Downloads/live_over_flow/liveoverflow_youtube/0x05_simple_crackme_intro_assembler/license_1")
RIP: 0x40060b (<main+78>:       mov    edi,0x4006ea)
R8 : 0x623000 ('')
R9 : 0x73 ('s')
R10: 0x7ffff7de4ee8 --> 0x10001a00007c4c 
R11: 0x7ffff7f3d1c0 (<__strcmp_sse42>:  mov    ecx,esi)
R12: 0x0 
R13: 0x7fffffffddf0 --> 0x7fffffffe1a0 ("COLORFGBG=15;0")
R14: 0x0 
R15: 0x7ffff7ffd020 --> 0x7ffff7ffe2e0 --> 0x0
EFLAGS: 0x246 (carry PARITY adjust ZERO sign trap INTERRUPT direction overflow)
[-------------------------------------code-------------------------------------]
   0x400602 <main+69>:  call   0x4004b0 <strcmp@plt>
   0x400607 <main+74>:  test   eax,eax
   0x400609 <main+76>:  jne    0x400617 <main+90>
=> 0x40060b <main+78>:  mov    edi,0x4006ea
   0x400610 <main+83>:  call   0x400480 <puts@plt>
   0x400615 <main+88>:  jmp    0x40062d <main+112>
   0x400617 <main+90>:  mov    edi,0x4006fa
   0x40061c <main+95>:  call   0x400480 <puts@plt>
[------------------------------------stack-------------------------------------]
0000| 0x7fffffffdcb0 --> 0x7fffffffddd8 --> 0x7fffffffe12f ("/home/radha/Downloads/live_over_flow/liveoverflow_youtube/0x05_simple_crackme_intro_assembler/license_1")
0008| 0x7fffffffdcb8 --> 0x200000000 
0016| 0x7fffffffdcc0 --> 0x2 
0024| 0x7fffffffdcc8 --> 0x7ffff7df318a (<__libc_start_call_main+122>:  mov    edi,eax)
0032| 0x7fffffffdcd0 --> 0x0 
0040| 0x7fffffffdcd8 --> 0x4005bd (<main>:      push   rbp)
0048| 0x7fffffffdce0 --> 0x200000000 
0056| 0x7fffffffdce8 --> 0x7fffffffddd8 --> 0x7fffffffe12f ("/home/radha/Downloads/live_over_flow/liveoverflow_youtube/0x05_simple_crackme_intro_assembler/license_1")
[------------------------------------------------------------------------------]
Legend: code, data, rodata, value
0x000000000040060b in main ()
gdb-peda$ 
[----------------------------------registers-----------------------------------]
RAX: 0x0 
RBX: 0x7fffffffddd8 --> 0x7fffffffe12f ("/home/radha/Downloads/live_over_flow/liveoverflow_youtube/0x05_simple_crackme_intro_assembler/license_1")
RCX: 0x41 ('A')
RDX: 0x0 
RSI: 0x4006da ("AAAA-Z10N-42-OK")
RDI: 0x4006ea ("Access Granted!")
RBP: 0x7fffffffdcc0 --> 0x2 
RSP: 0x7fffffffdcb0 --> 0x7fffffffddd8 --> 0x7fffffffe12f ("/home/radha/Downloads/live_over_flow/liveoverflow_youtube/0x05_simple_crackme_intro_assembler/license_1")
RIP: 0x400610 (<main+83>:       call   0x400480 <puts@plt>)
R8 : 0x623000 ('')
R9 : 0x73 ('s')
R10: 0x7ffff7de4ee8 --> 0x10001a00007c4c 
R11: 0x7ffff7f3d1c0 (<__strcmp_sse42>:  mov    ecx,esi)
R12: 0x0 
R13: 0x7fffffffddf0 --> 0x7fffffffe1a0 ("COLORFGBG=15;0")
R14: 0x0 
R15: 0x7ffff7ffd020 --> 0x7ffff7ffe2e0 --> 0x0
EFLAGS: 0x246 (carry PARITY adjust ZERO sign trap INTERRUPT direction overflow)
[-------------------------------------code-------------------------------------]
   0x400607 <main+74>:  test   eax,eax
   0x400609 <main+76>:  jne    0x400617 <main+90>
   0x40060b <main+78>:  mov    edi,0x4006ea
=> 0x400610 <main+83>:  call   0x400480 <puts@plt>
   0x400615 <main+88>:  jmp    0x40062d <main+112>
   0x400617 <main+90>:  mov    edi,0x4006fa
   0x40061c <main+95>:  call   0x400480 <puts@plt>
   0x400621 <main+100>: jmp    0x40062d <main+112>
Guessed arguments:
arg[0]: 0x4006ea ("Access Granted!")
[------------------------------------stack-------------------------------------]
0000| 0x7fffffffdcb0 --> 0x7fffffffddd8 --> 0x7fffffffe12f ("/home/radha/Downloads/live_over_flow/liveoverflow_youtube/0x05_simple_crackme_intro_assembler/license_1")
0008| 0x7fffffffdcb8 --> 0x200000000 
0016| 0x7fffffffdcc0 --> 0x2 
0024| 0x7fffffffdcc8 --> 0x7ffff7df318a (<__libc_start_call_main+122>:  mov    edi,eax)
0032| 0x7fffffffdcd0 --> 0x0 
0040| 0x7fffffffdcd8 --> 0x4005bd (<main>:      push   rbp)
0048| 0x7fffffffdce0 --> 0x200000000 
0056| 0x7fffffffdce8 --> 0x7fffffffddd8 --> 0x7fffffffe12f ("/home/radha/Downloads/live_over_flow/liveoverflow_youtube/0x05_simple_crackme_intro_assembler/license_1")
[------------------------------------------------------------------------------]
Legend: code, data, rodata, value
0x0000000000400610 in main ()
gdb-peda$ 
Access Granted!
[----------------------------------registers-----------------------------------]
RAX: 0x10 
RBX: 0x7fffffffddd8 --> 0x7fffffffe12f ("/home/radha/Downloads/live_over_flow/liveoverflow_youtube/0x05_simple_crackme_intro_assembler/license_1")
RCX: 0x7ffff7ec40e0 (<__GI___libc_write+16>:    cmp    rax,0xfffffffffffff000)
RDX: 0x1 
RSI: 0x1 
RDI: 0x7ffff7fa0a10 --> 0x0 
RBP: 0x7fffffffdcc0 --> 0x2 
RSP: 0x7fffffffdcb0 --> 0x7fffffffddd8 --> 0x7fffffffe12f ("/home/radha/Downloads/live_over_flow/liveoverflow_youtube/0x05_simple_crackme_intro_assembler/license_1")
RIP: 0x400615 (<main+88>:       jmp    0x40062d <main+112>)
R8 : 0x623000 ('')
R9 : 0x73 ('s')
R10: 0x7ffff7dd5fd8 --> 0x10002200006647 
R11: 0x202 
R12: 0x0 
R13: 0x7fffffffddf0 --> 0x7fffffffe1a0 ("COLORFGBG=15;0")
R14: 0x0 
R15: 0x7ffff7ffd020 --> 0x7ffff7ffe2e0 --> 0x0
EFLAGS: 0x202 (carry parity adjust zero sign trap INTERRUPT direction overflow)
[-------------------------------------code-------------------------------------]
   0x400609 <main+76>:  jne    0x400617 <main+90>
   0x40060b <main+78>:  mov    edi,0x4006ea
   0x400610 <main+83>:  call   0x400480 <puts@plt>
=> 0x400615 <main+88>:  jmp    0x40062d <main+112>
 | 0x400617 <main+90>:  mov    edi,0x4006fa
 | 0x40061c <main+95>:  call   0x400480 <puts@plt>
 | 0x400621 <main+100>: jmp    0x40062d <main+112>
 | 0x400623 <main+102>: mov    edi,0x400701
 |->   0x40062d <main+112>:     mov    eax,0x0
       0x400632 <main+117>:     leave
       0x400633 <main+118>:     ret
       0x400634:        cs nop WORD PTR [rax+rax*1+0x0]
                                                                  JUMP is taken
[------------------------------------stack-------------------------------------]
0000| 0x7fffffffdcb0 --> 0x7fffffffddd8 --> 0x7fffffffe12f ("/home/radha/Downloads/live_over_flow/liveoverflow_youtube/0x05_simple_crackme_intro_assembler/license_1")
0008| 0x7fffffffdcb8 --> 0x200000000 
0016| 0x7fffffffdcc0 --> 0x2 
0024| 0x7fffffffdcc8 --> 0x7ffff7df318a (<__libc_start_call_main+122>:  mov    edi,eax)
0032| 0x7fffffffdcd0 --> 0x0 
0040| 0x7fffffffdcd8 --> 0x4005bd (<main>:      push   rbp)
0048| 0x7fffffffdce0 --> 0x200000000 
0056| 0x7fffffffdce8 --> 0x7fffffffddd8 --> 0x7fffffffe12f ("/home/radha/Downloads/live_over_flow/liveoverflow_youtube/0x05_simple_crackme_intro_assembler/license_1")
[------------------------------------------------------------------------------]
Legend: code, data, rodata, value
0x0000000000400615 in main ()
gdb-peda$ 
zsh: suspended  gdb license_1
                                                                                                                                                                      
┌──(radha㉿kali)-[~/Downloads/live_over_flow/liveoverflow_youtube/0x05_simple_crackme_intro_assembler]
└─$ 

```
test
